0 info it worked if it ends with ok
1 verbose cli [ '/usr/local/bin/node',
1 verbose cli   '/usr/local/bin/npm',
1 verbose cli   'version',
1 verbose cli   '0.0.5',
1 verbose cli   '-m',
1 verbose cli   'added jscs style also airbnb based (needs to install jscs)' ]
2 info using npm@3.3.12
3 info using node@v5.4.1
4 info git [ 'status', '--porcelain' ]
5 verbose stack Error: Git working directory not clean.
5 verbose stack M README.md
5 verbose stack M bin/all.js
5 verbose stack M bin/cmd.js
5 verbose stack M bin/man
5 verbose stack     at /usr/local/lib/node_modules/npm/lib/version.js:172:21
5 verbose stack     at ChildProcess.exithandler (child_process.js:204:7)
5 verbose stack     at emitTwo (events.js:87:13)
5 verbose stack     at ChildProcess.emit (events.js:172:7)
5 verbose stack     at maybeClose (internal/child_process.js:821:16)
5 verbose stack     at Socket.<anonymous> (internal/child_process.js:319:11)
5 verbose stack     at emitOne (events.js:77:13)
5 verbose stack     at Socket.emit (events.js:169:7)
5 verbose stack     at Pipe._onclose (net.js:469:12)
6 verbose cwd /Users/00831103/Workspace/node-init
7 error Darwin 15.2.0
8 error argv "/usr/local/bin/node" "/usr/local/bin/npm" "version" "0.0.5" "-m" "added jscs style also airbnb based (needs to install jscs)"
9 error node v5.4.1
10 error npm  v3.3.12
11 error Git working directory not clean.
11 error M README.md
11 error M bin/all.js
11 error M bin/cmd.js
11 error M bin/man
12 error If you need help, you may report this error at:
12 error     <https://github.com/npm/npm/issues>
13 verbose exit [ 1, true ]
